SF:lib/core/bloc/coin_bloc.dart
DA:38,1
DA:39,1
DA:45,2
DA:46,1
DA:47,1
DA:48,2
DA:51,2
DA:56,1
DA:57,3
DA:58,3
DA:61,2
DA:62,2
DA:63,2
DA:67,2
DA:68,1
DA:69,2
DA:70,2
DA:71,2
DA:72,2
DA:73,2
DA:74,2
DA:78,2
DA:79,2
DA:80,1
DA:81,2
DA:82,2
DA:85,2
DA:86,2
DA:91,1
DA:92,1
DA:93,0
DA:95,1
DA:99,1
DA:100,2
DA:101,1
DA:102,1
DA:103,1
DA:104,1
DA:105,2
DA:106,3
DA:110,0
DA:113,1
DA:114,1
DA:115,2
DA:116,1
DA:117,1
DA:118,1
DA:121,0
DA:122,0
DA:125,0
DA:126,0
DA:129,0
DA:133,1
DA:134,1
DA:135,3
DA:136,2
DA:137,1
DA:138,1
DA:139,3
DA:145,1
DA:146,1
DA:148,3
DA:150,1
DA:152,3
DA:155,1
LF:65
LH:58
end_of_record
SF:lib/core/bloc/coin_event.dart
DA:4,1
DA:8,1
DA:12,1
DA:17,1
DA:21,1
LF:5
LH:5
end_of_record
SF:lib/core/bloc/coin_state.dart
DA:13,1
DA:14,3
DA:15,1
DA:16,1
DA:17,5
DA:19,0
DA:20,0
DA:27,5
DA:35,0
DA:42,1
DA:44,5
LF:11
LH:8
end_of_record
SF:lib/core/network/socket_service.dart
DA:6,0
DA:8,0
DA:12,0
DA:13,0
DA:14,0
DA:17,0
DA:18,0
LF:7
LH:0
end_of_record
SF:lib/domain/models/market_coin.dart
DA:5,2
DA:6,10
DA:27,3
DA:46,2
DA:47,2
DA:48,2
DA:49,2
DA:50,2
DA:51,2
DA:52,4
DA:53,4
DA:54,2
DA:55,4
DA:56,4
DA:57,4
DA:58,4
DA:59,4
DA:60,4
DA:61,4
DA:62,4
DA:63,4
DA:64,4
DA:68,2
DA:70,4
DA:77,2
DA:78,2
DA:81,1
DA:82,1
DA:83,1
DA:84,1
DA:85,1
DA:86,1
DA:87,1
DA:88,1
DA:89,1
DA:90,1
DA:91,1
DA:92,1
DA:93,1
DA:94,1
DA:95,1
DA:96,1
DA:97,1
DA:98,1
DA:99,1
DA:102,1
DA:117,1
DA:118,1
DA:119,1
DA:120,1
DA:121,1
DA:122,0
DA:123,1
DA:124,1
DA:125,1
DA:126,1
DA:127,1
DA:129,1
DA:130,1
DA:131,1
DA:132,1
DA:133,1
DA:134,1
DA:135,1
LF:64
LH:63
end_of_record
SF:lib/core/network/api_status.dart
DA:3,2
DA:9,1
LF:2
LH:2
end_of_record
SF:lib/core/network/rest_service.dart
DA:9,1
DA:11,1
DA:13,3
DA:20,2
DA:22,2
DA:24,6
DA:25,4
DA:26,4
DA:27,2
DA:29,2
DA:30,1
DA:31,1
LF:12
LH:12
end_of_record
SF:lib/screens/market_list_card.dart
DA:10,2
DA:12,1
DA:14,2
DA:15,1
DA:17,5
DA:18,1
DA:20,2
DA:21,3
DA:22,3
DA:24,1
DA:26,1
DA:28,4
DA:29,1
DA:31,1
DA:33,4
DA:34,1
DA:36,1
DA:38,4
LF:18
LH:18
end_of_record
SF:lib/screens/screen_utils.dart
DA:3,3
DA:4,0
DA:5,0
DA:6,2
DA:7,1
DA:8,2
DA:9,1
DA:11,1
DA:12,1
DA:13,0
DA:14,2
DA:17,1
DA:18,2
DA:21,1
DA:22,3
DA:25,0
DA:26,0
LF:17
LH:12
end_of_record
