SF:lib/core/bloc/coin_bloc.dart
DA:26,2
DA:27,2
DA:33,4
DA:34,2
DA:35,4
DA:38,4
DA:43,2
DA:44,3
DA:45,3
DA:48,2
DA:49,2
DA:50,2
DA:54,3
DA:55,2
DA:56,2
DA:57,2
DA:58,2
DA:59,2
DA:60,2
DA:64,3
DA:65,2
DA:66,2
DA:69,2
DA:70,2
DA:75,1
DA:76,1
DA:77,1
DA:79,1
DA:83,2
DA:84,4
DA:85,2
DA:86,2
DA:87,2
DA:88,2
DA:89,4
DA:90,6
DA:94,1
DA:97,1
DA:98,1
DA:99,2
DA:100,1
DA:101,1
DA:102,1
DA:105,1
DA:106,2
DA:109,0
DA:110,0
DA:113,0
DA:117,1
DA:118,1
DA:119,3
DA:120,2
DA:121,1
DA:122,1
DA:123,3
DA:129,1
DA:130,1
DA:132,3
DA:134,1
DA:136,3
DA:139,1
LF:61
LH:58
end_of_record
SF:lib/core/bloc/coin_event.dart
DA:4,4
DA:8,2
DA:12,3
DA:17,1
DA:21,3
LF:5
LH:5
end_of_record
SF:lib/core/bloc/coin_state.dart
DA:13,2
DA:14,6
DA:15,2
DA:16,2
DA:17,10
DA:19,0
DA:20,0
DA:27,7
DA:35,0
DA:42,2
DA:44,10
LF:11
LH:8
end_of_record
SF:lib/core/network/socket_service.dart
DA:6,0
DA:8,0
DA:12,0
DA:13,0
DA:14,0
DA:17,0
DA:18,0
LF:7
LH:0
end_of_record
SF:lib/domain/models/market_coin.dart
DA:5,3
DA:6,15
DA:27,4
DA:46,3
DA:47,3
DA:48,3
DA:49,3
DA:50,3
DA:51,3
DA:52,6
DA:53,6
DA:54,3
DA:55,6
DA:56,6
DA:57,6
DA:58,6
DA:59,6
DA:60,6
DA:61,6
DA:62,6
DA:63,6
DA:64,6
DA:68,3
DA:70,6
DA:77,3
DA:78,3
DA:81,1
DA:82,1
DA:83,1
DA:84,1
DA:85,1
DA:86,1
DA:87,1
DA:88,1
DA:89,1
DA:90,1
DA:91,1
DA:92,1
DA:93,1
DA:94,1
DA:95,1
DA:96,1
DA:97,1
DA:98,1
DA:99,1
DA:102,1
DA:117,1
DA:118,1
DA:119,1
DA:120,1
DA:121,1
DA:122,0
DA:123,1
DA:124,1
DA:125,1
DA:126,1
DA:127,1
DA:129,1
DA:130,1
DA:131,1
DA:132,1
DA:133,1
DA:134,1
DA:135,1
LF:64
LH:63
end_of_record
SF:lib/core/network/api_status.dart
DA:3,3
DA:9,2
LF:2
LH:2
end_of_record
SF:lib/core/network/rest_service.dart
DA:9,1
DA:11,1
DA:13,3
DA:20,3
DA:22,3
DA:24,9
DA:25,6
DA:26,6
DA:27,3
DA:29,4
DA:30,1
DA:31,1
LF:12
LH:12
end_of_record
SF:lib/screens/market_list_card.dart
DA:8,4
DA:10,2
DA:12,4
DA:13,2
DA:15,10
DA:16,2
DA:18,4
DA:19,6
DA:20,6
DA:21,10
DA:23,2
DA:25,2
DA:27,8
DA:28,2
DA:30,2
DA:32,8
DA:33,2
DA:35,2
DA:37,8
LF:19
LH:19
end_of_record
SF:lib/core/components/app_loading.dart
DA:4,0
DA:6,0
DA:8,0
DA:9,0
LF:4
LH:0
end_of_record
SF:lib/screens/coin_detail.dart
DA:12,0
DA:14,0
DA:16,0
DA:17,0
DA:18,0
DA:29,0
DA:30,0
DA:31,0
DA:33,0
DA:34,0
DA:36,0
DA:37,0
DA:39,0
DA:40,0
DA:41,0
DA:42,0
DA:44,0
DA:45,0
DA:46,0
DA:47,0
DA:49,0
DA:50,0
DA:51,0
DA:60,0
DA:61,0
DA:63,0
DA:65,0
DA:66,0
DA:67,0
DA:69,0
DA:70,0
DA:71,0
DA:74,0
DA:87,0
DA:93,0
DA:95,0
DA:97,0
DA:98,0
DA:99,0
DA:101,0
DA:103,0
DA:106,0
DA:108,0
DA:111,0
LF:44
LH:0
end_of_record
SF:lib/screens/screen_utils.dart
DA:3,6
DA:4,2
DA:5,1
DA:6,4
DA:7,2
DA:8,4
DA:9,2
DA:11,2
DA:12,2
DA:13,2
DA:14,4
DA:17,2
DA:18,4
DA:21,2
DA:22,6
DA:25,0
DA:26,0
LF:17
LH:15
end_of_record
SF:lib/screens/market_list.dart
DA:15,1
DA:17,1
DA:19,1
DA:21,1
DA:22,1
DA:24,1
DA:25,1
DA:26,0
DA:27,0
DA:32,1
DA:33,1
DA:34,2
DA:37,1
DA:38,2
DA:39,2
DA:52,1
DA:54,1
DA:56,1
DA:59,0
DA:60,0
DA:63,1
DA:64,1
DA:65,2
DA:66,1
DA:67,2
DA:68,1
DA:69,1
DA:70,0
DA:71,0
DA:73,0
DA:74,0
LF:31
LH:23
end_of_record
